app/build/outputs/logs/manifest-merger-debug-report.txt
-- Merging decision tree log ---
manifest
ADDED from src/main/AndroidManifest.xml:2:1-55:12
	package
		ADDED from src/main/AndroidManifest.xml:3:5-39
		INJECTED from src/main/AndroidManifest.xml
		INJECTED from src/main/AndroidManifest.xml
	android:versionName
		INJECTED from src/main/AndroidManifest.xml
		INJECTED from src/main/AndroidManifest.xml
	xmlns:android
		ADDED from src/main/AndroidManifest.xml:2:11-69
	android:versionCode
		INJECTED from src/main/AndroidManifest.xml
		INJECTED from src/main/AndroidManifest.xml
uses-permission#android.permission.INTERNET
ADDED from src/main/AndroidManifest.xml:5:5-67
	android:name
		ADDED from src/main/AndroidManifest.xml:5:22-64
uses-permission#android.permission.ACCESS_WIFI_STATE
ADDED from src/main/AndroidManifest.xml:6:5-76
	android:name
		ADDED from src/main/AndroidManifest.xml:6:22-73
uses-permission#android.permission.ACCESS_NETWORK_STATE
ADDED from src/main/AndroidManifest.xml:7:5-79
	android:name
		ADDED from src/main/AndroidManifest.xml:7:22-76
uses-permission#android.permission.CHANGE_WIFI_STATE
ADDED from src/main/AndroidManifest.xml:8:5-76
	android:name
		ADDED from src/main/AndroidManifest.xml:8:22-73
uses-permission#android.permission.WRITE_EXTERNAL_STORAGE
ADDED from src/main/AndroidManifest.xml:9:5-81
	android:name
		ADDED from src/main/AndroidManifest.xml:9:22-78
uses-permission#android.permission.READ_EXTERNAL_STORAGE
ADDED from src/main/AndroidManifest.xml:10:5-80
MERGED from [ir.sohreco.androidfilechooser:android-file-chooser:1.1.0] AndroidManifest.xml:11:5-80
	android:name
		ADDED from src/main/AndroidManifest.xml:10:22-77
application
ADDED from src/main/AndroidManifest.xml:12:5-53:19
MERGED from [com.jjoe64:graphview:4.2.1] AndroidManifest.xml:11:5-12:19
MERGED from [ir.sohreco.androidfilechooser:android-file-chooser:1.1.0] AndroidManifest.xml:13:5-18:19
MERGED from [com.android.support:design:25.1.1] AndroidManifest.xml:25:5-20
MERGED from [com.android.support:transition:25.1.1] AndroidManifest.xml:22:5-20
MERGED from [com.android.support:appcompat-v7:25.1.1] AndroidManifest.xml:25:5-20
MERGED from [com.android.support:animated-vector-drawable:25.1.1] AndroidManifest.xml:22:5-20
MERGED from [com.android.support:support-vector-drawable:25.1.1] AndroidManifest.xml:23:5-20
MERGED from [com.android.support:support-v4:25.1.1] AndroidManifest.xml:25:5-20
MERGED from [com.android.support:support-fragment:25.1.1] AndroidManifest.xml:25:5-20
MERGED from [com.android.support:support-media-compat:25.1.1] AndroidManifest.xml:25:5-20
MERGED from [com.android.support:support-core-ui:25.1.1] AndroidManifest.xml:25:5-20
MERGED from [com.android.support:support-core-utils:25.1.1] AndroidManifest.xml:25:5-20
MERGED from [com.android.support:support-compat:25.1.1] AndroidManifest.xml:25:5-20
	android:label
		ADDED from src/main/AndroidManifest.xml:18:9-41
	android:supportsRtl
		ADDED from src/main/AndroidManifest.xml:20:9-35
	android:allowClearUserData
		ADDED from src/main/AndroidManifest.xml:16:9-42
	android:hardwareAccelerated
		ADDED from src/main/AndroidManifest.xml:14:9-43
	android:vmSafeMode
		ADDED from src/main/AndroidManifest.xml:15:9-34
	android:allowBackup
		ADDED from src/main/AndroidManifest.xml:13:9-35
	android:icon
		ADDED from src/main/AndroidManifest.xml:17:9-43
	android:largeHeap
		ADDED from src/main/AndroidManifest.xml:19:9-33
	android:theme
		ADDED from src/main/AndroidManifest.xml:21:9-40
activity#no.uio.ifi.viettt.mscosa.MainActivity
ADDED from src/main/AndroidManifest.xml:22:9-34:20
	android:screenOrientation
		ADDED from src/main/AndroidManifest.xml:26:13-49
	android:launchMode
		ADDED from src/main/AndroidManifest.xml:24:13-44
	android:exported
		ADDED from src/main/AndroidManifest.xml:25:13-36
	android:windowSoftInputMode
		ADDED from src/main/AndroidManifest.xml:28:13-54
	android:theme
		ADDED from src/main/AndroidManifest.xml:27:13-44
	android:name
		ADDED from src/main/AndroidManifest.xml:23:13-41
intent-filter#android.intent.action.MAIN+android.intent.category.LAUNCHER
ADDED from src/main/AndroidManifest.xml:29:13-33:29
action#android.intent.action.MAIN
ADDED from src/main/AndroidManifest.xml:30:17-69
	android:name
		ADDED from src/main/AndroidManifest.xml:30:25-66
category#android.intent.category.LAUNCHER
ADDED from src/main/AndroidManifest.xml:32:17-77
	android:name
		ADDED from src/main/AndroidManifest.xml:32:27-74
activity#no.uio.ifi.viettt.mscosa.DatabaseVisualisationActivity
ADDED from src/main/AndroidManifest.xml:35:9-40:54
	android:screenOrientation
		ADDED from src/main/AndroidManifest.xml:39:13-50
	android:label
		ADDED from src/main/AndroidManifest.xml:38:13-74
	android:configChanges
		ADDED from src/main/AndroidManifest.xml:37:13-74
	android:theme
		ADDED from src/main/AndroidManifest.xml:40:13-51
	android:name
		ADDED from src/main/AndroidManifest.xml:36:13-58
activity#no.uio.ifi.viettt.mscosa.RawQueryActivity
ADDED from src/main/AndroidManifest.xml:41:9-45:54
	android:label
		ADDED from src/main/AndroidManifest.xml:44:13-61
	android:configChanges
		ADDED from src/main/AndroidManifest.xml:43:13-74
	android:theme
		ADDED from src/main/AndroidManifest.xml:45:13-51
	android:name
		ADDED from src/main/AndroidManifest.xml:42:13-45
activity#no.uio.ifi.viettt.mscosa.EDFExportActivity
ADDED from src/main/AndroidManifest.xml:46:9-50:63
	android:label
		ADDED from src/main/AndroidManifest.xml:49:13-62
	android:configChanges
		ADDED from src/main/AndroidManifest.xml:48:13-74
	android:theme
		ADDED from src/main/AndroidManifest.xml:50:13-51
	android:name
		ADDED from src/main/AndroidManifest.xml:47:13-46
service#no.uio.ifi.viettt.mscosa.Services.ForegroundDBService
ADDED from src/main/AndroidManifest.xml:52:9-65
	android:name
		ADDED from src/main/AndroidManifest.xml:52:18-62
uses-sdk
INJECTED from src/main/AndroidManifest.xml reason: use-sdk injection requested
MERGED from [com.jjoe64:graphview:4.2.1] AndroidManifest.xml:7:5-9:41
MERGED from [ir.sohreco.androidfilechooser:android-file-chooser:1.1.0] AndroidManifest.xml:7:5-9:41
MERGED from [com.roughike:bottom-bar:2.0.2] AndroidManifest.xml:8:5-10:41
MERGED from [com.android.support:design:25.1.1] AndroidManifest.xml:21:5-23:62
MERGED from [com.android.support:recyclerview-v7:25.1.1] AndroidManifest.xml:20:5-43
MERGED from [com.android.support:transition:25.1.1] AndroidManifest.xml:20:5-44
MERGED from [com.android.support:appcompat-v7:25.1.1] AndroidManifest.xml:21:5-23:78
MERGED from [com.android.support:animated-vector-drawable:25.1.1] AndroidManifest.xml:20:5-44
MERGED from [com.android.support:support-vector-drawable:25.1.1] AndroidManifest.xml:21:5-43
MERGED from [com.android.support:support-v4:25.1.1] AndroidManifest.xml:21:5-23:54
MERGED from [com.android.support:support-fragment:25.1.1] AndroidManifest.xml:21:5-23:60
MERGED from [com.android.support:support-media-compat:25.1.1] AndroidManifest.xml:21:5-23:63
MERGED from [com.android.support:support-core-ui:25.1.1] AndroidManifest.xml:21:5-23:58
MERGED from [com.android.support:support-core-utils:25.1.1] AndroidManifest.xml:21:5-23:61
MERGED from [com.android.support:support-compat:25.1.1] AndroidManifest.xml:21:5-23:58
	tools:overrideLibrary
		ADDED from [com.android.support:design:25.1.1] AndroidManifest.xml:23:9-59
	android:targetSdkVersion
		INJECTED from src/main/AndroidManifest.xml
		INJECTED from src/main/AndroidManifest.xml
	android:minSdkVersion
		INJECTED from src/main/AndroidManifest.xml
		INJECTED from src/main/AndroidManifest.xml